Uncaught exception
java.lang.NullPointerException: Parameter specified as non-null is null: method io.javalin.http.Context.json, parameter obj
	at io.javalin.http.Context.json(Context.kt)
	at com.revature.controller.InfernoAutoController.lambda$new$1(InfernoAutoController.java:36)
	at io.javalin.core.security.SecurityUtil.noopAccessManager(SecurityUtil.kt:20)
	at io.javalin.http.JavalinServlet.addHandler$lambda-0(JavalinServlet.kt:96)
	at io.javalin.http.JavalinServlet$lifecycle$2$1$1.invoke(JavalinServlet.kt:43)
	at io.javalin.http.JavalinServlet$lifecycle$2$1$1.invoke(JavalinServlet.kt:43)
	at io.javalin.http.JavalinServletHandler.executeNextTask(JavalinServletHandler.kt:98)
	at io.javalin.http.JavalinServletHandler.queueNextTaskOrFinish$lambda-1(JavalinServletHandler.kt:85)
	at java.util.concurrent.CompletableFuture.uniComposeStage(CompletableFuture.java:995)
	at java.util.concurrent.CompletableFuture.thenCompose(CompletableFuture.java:2137)
	at io.javalin.http.JavalinServletHandler.queueNextTaskOrFinish$javalin(JavalinServletHandler.kt:85)
	at io.javalin.http.JavalinServletHandler.executeNextTask$lambda-10$lambda-9(JavalinServletHandler.kt:112)
	at java.util.concurrent.CompletableFuture.uniApply(CompletableFuture.java:616)
	at java.util.concurrent.CompletableFuture.uniApplyStage(CompletableFuture.java:628)
	at java.util.concurrent.CompletableFuture.thenApply(CompletableFuture.java:1996)
	at io.javalin.http.JavalinServletHandler.executeNextTask(JavalinServletHandler.kt:112)
	at io.javalin.http.JavalinServletHandler.queueNextTaskOrFinish$lambda-1(JavalinServletHandler.kt:85)
	at java.util.concurrent.CompletableFuture.uniComposeStage(CompletableFuture.java:995)
	at java.util.concurrent.CompletableFuture.thenCompose(CompletableFuture.java:2137)
	at io.javalin.http.JavalinServletHandler.queueNextTaskOrFinish$javalin(JavalinServletHandler.kt:85)
	at io.javalin.http.JavalinServlet.service(JavalinServlet.kt:89)
	at javax.servlet.http.HttpServlet.service(HttpServlet.java:790)
	at io.javalin.jetty.JavalinJettyServlet.service(JavalinJettyServlet.kt:58)
	at javax.servlet.http.HttpServlet.service(HttpServlet.java:790)
	at org.eclipse.jetty.servlet.ServletHolder.handle(ServletHolder.java:799)
	at org.eclipse.jetty.servlet.ServletHandler.doHandle(ServletHandler.java:550)
	at org.eclipse.jetty.server.handler.ScopedHandler.nextHandle(ScopedHandler.java:233)
	at org.eclipse.jetty.server.session.SessionHandler.doHandle(SessionHandler.java:1624)
	at org.eclipse.jetty.server.handler.ScopedHandler.nextHandle(ScopedHandler.java:233)
	at io.javalin.jetty.JettyServer$start$wsAndHttpHandler$1.doHandle(JettyServer.kt:52)
	at org.eclipse.jetty.server.handler.ScopedHandler.nextScope(ScopedHandler.java:188)
	at org.eclipse.jetty.servlet.ServletHandler.doScope(ServletHandler.java:501)
	at org.eclipse.jetty.server.session.SessionHandler.doScope(SessionHandler.java:1594)
	at org.eclipse.jetty.server.handler.ScopedHandler.nextScope(ScopedHandler.java:186)
	at org.eclipse.jetty.server.handler.ContextHandler.doScope(ContextHandler.java:1355)
	at org.eclipse.jetty.server.handler.ScopedHandler.handle(ScopedHandler.java:141)
	at org.eclipse.jetty.server.handler.StatisticsHandler.handle(StatisticsHandler.java:179)
	at org.eclipse.jetty.server.handler.HandlerWrapper.handle(HandlerWrapper.java:127)
	at org.eclipse.jetty.server.Server.handle(Server.java:516)
	at org.eclipse.jetty.server.HttpChannel.lambda$handle$1(HttpChannel.java:487)
	at org.eclipse.jetty.server.HttpChannel.dispatch(HttpChannel.java:732)
	at org.eclipse.jetty.server.HttpChannel.handle(HttpChannel.java:479)
	at org.eclipse.jetty.server.HttpConnection.onFillable(HttpConnection.java:277)
	at org.eclipse.jetty.io.AbstractConnection$ReadCallback.succeeded(AbstractConnection.java:311)
	at org.eclipse.jetty.io.FillInterest.fillable(FillInterest.java:105)
	at org.eclipse.jetty.io.ChannelEndPoint$1.run(ChannelEndPoint.java:104)
	at org.eclipse.jetty.util.thread.strategy.EatWhatYouKill.runTask(EatWhatYouKill.java:338)
	at org.eclipse.jetty.util.thread.strategy.EatWhatYouKill.doProduce(EatWhatYouKill.java:315)
	at org.eclipse.jetty.util.thread.strategy.EatWhatYouKill.tryProduce(EatWhatYouKill.java:173)
	at org.eclipse.jetty.util.thread.strategy.EatWhatYouKill.produce(EatWhatYouKill.java:137)
	at org.eclipse.jetty.util.thread.QueuedThreadPool.runJob(QueuedThreadPool.java:883)
	at org.eclipse.jetty.util.thread.QueuedThreadPool$Runner.run(QueuedThreadPool.java:1034)
	at java.lang.Thread.run(Thread.java:750)
Uncaught exception
java.lang.NullPointerException: Parameter specified as non-null is null: method io.javalin.http.Context.json, parameter obj
	at io.javalin.http.Context.json(Context.kt)
	at com.revature.controller.InfernoAutoController.lambda$new$1(InfernoAutoController.java:36)
	at io.javalin.core.security.SecurityUtil.noopAccessManager(SecurityUtil.kt:20)
	at io.javalin.http.JavalinServlet.addHandler$lambda-0(JavalinServlet.kt:96)
	at io.javalin.http.JavalinServlet$lifecycle$2$1$1.invoke(JavalinServlet.kt:43)
	at io.javalin.http.JavalinServlet$lifecycle$2$1$1.invoke(JavalinServlet.kt:43)
	at io.javalin.http.JavalinServletHandler.executeNextTask(JavalinServletHandler.kt:98)
	at io.javalin.http.JavalinServletHandler.queueNextTaskOrFinish$lambda-1(JavalinServletHandler.kt:85)
	at java.util.concurrent.CompletableFuture.uniComposeStage(CompletableFuture.java:995)
	at java.util.concurrent.CompletableFuture.thenCompose(CompletableFuture.java:2137)
	at io.javalin.http.JavalinServletHandler.queueNextTaskOrFinish$javalin(JavalinServletHandler.kt:85)
	at io.javalin.http.JavalinServletHandler.executeNextTask$lambda-10$lambda-9(JavalinServletHandler.kt:112)
	at java.util.concurrent.CompletableFuture.uniApply(CompletableFuture.java:616)
	at java.util.concurrent.CompletableFuture.uniApplyStage(CompletableFuture.java:628)
	at java.util.concurrent.CompletableFuture.thenApply(CompletableFuture.java:1996)
	at io.javalin.http.JavalinServletHandler.executeNextTask(JavalinServletHandler.kt:112)
	at io.javalin.http.JavalinServletHandler.queueNextTaskOrFinish$lambda-1(JavalinServletHandler.kt:85)
	at java.util.concurrent.CompletableFuture.uniComposeStage(CompletableFuture.java:995)
	at java.util.concurrent.CompletableFuture.thenCompose(CompletableFuture.java:2137)
	at io.javalin.http.JavalinServletHandler.queueNextTaskOrFinish$javalin(JavalinServletHandler.kt:85)
	at io.javalin.http.JavalinServlet.service(JavalinServlet.kt:89)
	at javax.servlet.http.HttpServlet.service(HttpServlet.java:790)
	at io.javalin.jetty.JavalinJettyServlet.service(JavalinJettyServlet.kt:58)
	at javax.servlet.http.HttpServlet.service(HttpServlet.java:790)
	at org.eclipse.jetty.servlet.ServletHolder.handle(ServletHolder.java:799)
	at org.eclipse.jetty.servlet.ServletHandler.doHandle(ServletHandler.java:550)
	at org.eclipse.jetty.server.handler.ScopedHandler.nextHandle(ScopedHandler.java:233)
	at org.eclipse.jetty.server.session.SessionHandler.doHandle(SessionHandler.java:1624)
	at org.eclipse.jetty.server.handler.ScopedHandler.nextHandle(ScopedHandler.java:233)
	at io.javalin.jetty.JettyServer$start$wsAndHttpHandler$1.doHandle(JettyServer.kt:52)
	at org.eclipse.jetty.server.handler.ScopedHandler.nextScope(ScopedHandler.java:188)
	at org.eclipse.jetty.servlet.ServletHandler.doScope(ServletHandler.java:501)
	at org.eclipse.jetty.server.session.SessionHandler.doScope(SessionHandler.java:1594)
	at org.eclipse.jetty.server.handler.ScopedHandler.nextScope(ScopedHandler.java:186)
	at org.eclipse.jetty.server.handler.ContextHandler.doScope(ContextHandler.java:1355)
	at org.eclipse.jetty.server.handler.ScopedHandler.handle(ScopedHandler.java:141)
	at org.eclipse.jetty.server.handler.StatisticsHandler.handle(StatisticsHandler.java:179)
	at org.eclipse.jetty.server.handler.HandlerWrapper.handle(HandlerWrapper.java:127)
	at org.eclipse.jetty.server.Server.handle(Server.java:516)
	at org.eclipse.jetty.server.HttpChannel.lambda$handle$1(HttpChannel.java:487)
	at org.eclipse.jetty.server.HttpChannel.dispatch(HttpChannel.java:732)
	at org.eclipse.jetty.server.HttpChannel.handle(HttpChannel.java:479)
	at org.eclipse.jetty.server.HttpConnection.onFillable(HttpConnection.java:277)
	at org.eclipse.jetty.io.AbstractConnection$ReadCallback.succeeded(AbstractConnection.java:311)
	at org.eclipse.jetty.io.FillInterest.fillable(FillInterest.java:105)
	at org.eclipse.jetty.io.ChannelEndPoint$1.run(ChannelEndPoint.java:104)
	at org.eclipse.jetty.util.thread.strategy.EatWhatYouKill.runTask(EatWhatYouKill.java:338)
	at org.eclipse.jetty.util.thread.strategy.EatWhatYouKill.doProduce(EatWhatYouKill.java:315)
	at org.eclipse.jetty.util.thread.strategy.EatWhatYouKill.tryProduce(EatWhatYouKill.java:173)
	at org.eclipse.jetty.util.thread.strategy.EatWhatYouKill.run(EatWhatYouKill.java:131)
	at org.eclipse.jetty.util.thread.ReservedThreadExecutor$ReservedThread.run(ReservedThreadExecutor.java:409)
	at org.eclipse.jetty.util.thread.QueuedThreadPool.runJob(QueuedThreadPool.java:883)
	at org.eclipse.jetty.util.thread.QueuedThreadPool$Runner.run(QueuedThreadPool.java:1034)
	at java.lang.Thread.run(Thread.java:750)
Uncaught exception
com.fasterxml.jackson.databind.exc.MismatchedInputException: No content to map due to end-of-input
 at [Source: (String)""; line: 1, column: 0]
	at com.fasterxml.jackson.databind.exc.MismatchedInputException.from(MismatchedInputException.java:59)
	at com.fasterxml.jackson.databind.ObjectMapper._initForReading(ObjectMapper.java:4765)
	at com.fasterxml.jackson.databind.ObjectMapper._readMapAndClose(ObjectMapper.java:4667)
	at com.fasterxml.jackson.databind.ObjectMapper.readValue(ObjectMapper.java:3629)
	at com.fasterxml.jackson.databind.ObjectMapper.readValue(ObjectMapper.java:3597)
	at io.javalin.plugin.json.JavalinJackson.fromJsonString(JavalinJackson.kt:37)
	at io.javalin.http.Context.bodyAsClass(Context.kt:113)
	at com.revature.controller.OfferController.lambda$new$6(OfferController.java:80)
	at io.javalin.core.security.SecurityUtil.noopAccessManager(SecurityUtil.kt:20)
	at io.javalin.http.JavalinServlet.addHandler$lambda-0(JavalinServlet.kt:96)
	at io.javalin.http.JavalinServlet$lifecycle$2$1$1.invoke(JavalinServlet.kt:43)
	at io.javalin.http.JavalinServlet$lifecycle$2$1$1.invoke(JavalinServlet.kt:43)
	at io.javalin.http.JavalinServletHandler.executeNextTask(JavalinServletHandler.kt:98)
	at io.javalin.http.JavalinServletHandler.queueNextTaskOrFinish$lambda-1(JavalinServletHandler.kt:85)
	at java.util.concurrent.CompletableFuture.uniComposeStage(CompletableFuture.java:995)
	at java.util.concurrent.CompletableFuture.thenCompose(CompletableFuture.java:2137)
	at io.javalin.http.JavalinServletHandler.queueNextTaskOrFinish$javalin(JavalinServletHandler.kt:85)
	at io.javalin.http.JavalinServletHandler.executeNextTask$lambda-10$lambda-9(JavalinServletHandler.kt:112)
	at java.util.concurrent.CompletableFuture.uniApply(CompletableFuture.java:616)
	at java.util.concurrent.CompletableFuture.uniApplyStage(CompletableFuture.java:628)
	at java.util.concurrent.CompletableFuture.thenApply(CompletableFuture.java:1996)
	at io.javalin.http.JavalinServletHandler.executeNextTask(JavalinServletHandler.kt:112)
	at io.javalin.http.JavalinServletHandler.queueNextTaskOrFinish$lambda-1(JavalinServletHandler.kt:85)
	at java.util.concurrent.CompletableFuture.uniComposeStage(CompletableFuture.java:995)
	at java.util.concurrent.CompletableFuture.thenCompose(CompletableFuture.java:2137)
	at io.javalin.http.JavalinServletHandler.queueNextTaskOrFinish$javalin(JavalinServletHandler.kt:85)
	at io.javalin.http.JavalinServlet.service(JavalinServlet.kt:89)
	at javax.servlet.http.HttpServlet.service(HttpServlet.java:790)
	at io.javalin.jetty.JavalinJettyServlet.service(JavalinJettyServlet.kt:58)
	at javax.servlet.http.HttpServlet.service(HttpServlet.java:790)
	at org.eclipse.jetty.servlet.ServletHolder.handle(ServletHolder.java:799)
	at org.eclipse.jetty.servlet.ServletHandler.doHandle(ServletHandler.java:550)
	at org.eclipse.jetty.server.handler.ScopedHandler.nextHandle(ScopedHandler.java:233)
	at org.eclipse.jetty.server.session.SessionHandler.doHandle(SessionHandler.java:1624)
	at org.eclipse.jetty.server.handler.ScopedHandler.nextHandle(ScopedHandler.java:233)
	at io.javalin.jetty.JettyServer$start$wsAndHttpHandler$1.doHandle(JettyServer.kt:52)
	at org.eclipse.jetty.server.handler.ScopedHandler.nextScope(ScopedHandler.java:188)
	at org.eclipse.jetty.servlet.ServletHandler.doScope(ServletHandler.java:501)
	at org.eclipse.jetty.server.session.SessionHandler.doScope(SessionHandler.java:1594)
	at org.eclipse.jetty.server.handler.ScopedHandler.nextScope(ScopedHandler.java:186)
	at org.eclipse.jetty.server.handler.ContextHandler.doScope(ContextHandler.java:1355)
	at org.eclipse.jetty.server.handler.ScopedHandler.handle(ScopedHandler.java:141)
	at org.eclipse.jetty.server.handler.StatisticsHandler.handle(StatisticsHandler.java:179)
	at org.eclipse.jetty.server.handler.HandlerWrapper.handle(HandlerWrapper.java:127)
	at org.eclipse.jetty.server.Server.handle(Server.java:516)
	at org.eclipse.jetty.server.HttpChannel.lambda$handle$1(HttpChannel.java:487)
	at org.eclipse.jetty.server.HttpChannel.dispatch(HttpChannel.java:732)
	at org.eclipse.jetty.server.HttpChannel.handle(HttpChannel.java:479)
	at org.eclipse.jetty.server.HttpConnection.onFillable(HttpConnection.java:277)
	at org.eclipse.jetty.io.AbstractConnection$ReadCallback.succeeded(AbstractConnection.java:311)
	at org.eclipse.jetty.io.FillInterest.fillable(FillInterest.java:105)
	at org.eclipse.jetty.io.ChannelEndPoint$1.run(ChannelEndPoint.java:104)
	at org.eclipse.jetty.util.thread.QueuedThreadPool.runJob(QueuedThreadPool.java:883)
	at org.eclipse.jetty.util.thread.QueuedThreadPool$Runner.run(QueuedThreadPool.java:1034)
	at java.lang.Thread.run(Thread.java:750)
Uncaught exception
com.fasterxml.jackson.databind.exc.MismatchedInputException: No content to map due to end-of-input
 at [Source: (String)""; line: 1, column: 0]
	at com.fasterxml.jackson.databind.exc.MismatchedInputException.from(MismatchedInputException.java:59)
	at com.fasterxml.jackson.databind.ObjectMapper._initForReading(ObjectMapper.java:4765)
	at com.fasterxml.jackson.databind.ObjectMapper._readMapAndClose(ObjectMapper.java:4667)
	at com.fasterxml.jackson.databind.ObjectMapper.readValue(ObjectMapper.java:3629)
	at com.fasterxml.jackson.databind.ObjectMapper.readValue(ObjectMapper.java:3597)
	at io.javalin.plugin.json.JavalinJackson.fromJsonString(JavalinJackson.kt:37)
	at io.javalin.http.Context.bodyAsClass(Context.kt:113)
	at com.revature.controller.OfferController.lambda$new$6(OfferController.java:80)
	at io.javalin.core.security.SecurityUtil.noopAccessManager(SecurityUtil.kt:20)
	at io.javalin.http.JavalinServlet.addHandler$lambda-0(JavalinServlet.kt:96)
	at io.javalin.http.JavalinServlet$lifecycle$2$1$1.invoke(JavalinServlet.kt:43)
	at io.javalin.http.JavalinServlet$lifecycle$2$1$1.invoke(JavalinServlet.kt:43)
	at io.javalin.http.JavalinServletHandler.executeNextTask(JavalinServletHandler.kt:98)
	at io.javalin.http.JavalinServletHandler.queueNextTaskOrFinish$lambda-1(JavalinServletHandler.kt:85)
	at java.util.concurrent.CompletableFuture.uniComposeStage(CompletableFuture.java:995)
	at java.util.concurrent.CompletableFuture.thenCompose(CompletableFuture.java:2137)
	at io.javalin.http.JavalinServletHandler.queueNextTaskOrFinish$javalin(JavalinServletHandler.kt:85)
	at io.javalin.http.JavalinServletHandler.executeNextTask$lambda-10$lambda-9(JavalinServletHandler.kt:112)
	at java.util.concurrent.CompletableFuture.uniApply(CompletableFuture.java:616)
	at java.util.concurrent.CompletableFuture.uniApplyStage(CompletableFuture.java:628)
	at java.util.concurrent.CompletableFuture.thenApply(CompletableFuture.java:1996)
	at io.javalin.http.JavalinServletHandler.executeNextTask(JavalinServletHandler.kt:112)
	at io.javalin.http.JavalinServletHandler.queueNextTaskOrFinish$lambda-1(JavalinServletHandler.kt:85)
	at java.util.concurrent.CompletableFuture.uniComposeStage(CompletableFuture.java:995)
	at java.util.concurrent.CompletableFuture.thenCompose(CompletableFuture.java:2137)
	at io.javalin.http.JavalinServletHandler.queueNextTaskOrFinish$javalin(JavalinServletHandler.kt:85)
	at io.javalin.http.JavalinServlet.service(JavalinServlet.kt:89)
	at javax.servlet.http.HttpServlet.service(HttpServlet.java:790)
	at io.javalin.jetty.JavalinJettyServlet.service(JavalinJettyServlet.kt:58)
	at javax.servlet.http.HttpServlet.service(HttpServlet.java:790)
	at org.eclipse.jetty.servlet.ServletHolder.handle(ServletHolder.java:799)
	at org.eclipse.jetty.servlet.ServletHandler.doHandle(ServletHandler.java:550)
	at org.eclipse.jetty.server.handler.ScopedHandler.nextHandle(ScopedHandler.java:233)
	at org.eclipse.jetty.server.session.SessionHandler.doHandle(SessionHandler.java:1624)
	at org.eclipse.jetty.server.handler.ScopedHandler.nextHandle(ScopedHandler.java:233)
	at io.javalin.jetty.JettyServer$start$wsAndHttpHandler$1.doHandle(JettyServer.kt:52)
	at org.eclipse.jetty.server.handler.ScopedHandler.nextScope(ScopedHandler.java:188)
	at org.eclipse.jetty.servlet.ServletHandler.doScope(ServletHandler.java:501)
	at org.eclipse.jetty.server.session.SessionHandler.doScope(SessionHandler.java:1594)
	at org.eclipse.jetty.server.handler.ScopedHandler.nextScope(ScopedHandler.java:186)
	at org.eclipse.jetty.server.handler.ContextHandler.doScope(ContextHandler.java:1355)
	at org.eclipse.jetty.server.handler.ScopedHandler.handle(ScopedHandler.java:141)
	at org.eclipse.jetty.server.handler.StatisticsHandler.handle(StatisticsHandler.java:179)
	at org.eclipse.jetty.server.handler.HandlerWrapper.handle(HandlerWrapper.java:127)
	at org.eclipse.jetty.server.Server.handle(Server.java:516)
	at org.eclipse.jetty.server.HttpChannel.lambda$handle$1(HttpChannel.java:487)
	at org.eclipse.jetty.server.HttpChannel.dispatch(HttpChannel.java:732)
	at org.eclipse.jetty.server.HttpChannel.handle(HttpChannel.java:479)
	at org.eclipse.jetty.server.HttpConnection.onFillable(HttpConnection.java:277)
	at org.eclipse.jetty.io.AbstractConnection$ReadCallback.succeeded(AbstractConnection.java:311)
	at org.eclipse.jetty.io.FillInterest.fillable(FillInterest.java:105)
	at org.eclipse.jetty.io.ChannelEndPoint$1.run(ChannelEndPoint.java:104)
	at org.eclipse.jetty.util.thread.strategy.EatWhatYouKill.runTask(EatWhatYouKill.java:338)
	at org.eclipse.jetty.util.thread.strategy.EatWhatYouKill.doProduce(EatWhatYouKill.java:315)
	at org.eclipse.jetty.util.thread.strategy.EatWhatYouKill.tryProduce(EatWhatYouKill.java:173)
	at org.eclipse.jetty.util.thread.strategy.EatWhatYouKill.produce(EatWhatYouKill.java:137)
	at org.eclipse.jetty.util.thread.QueuedThreadPool.runJob(QueuedThreadPool.java:883)
	at org.eclipse.jetty.util.thread.QueuedThreadPool$Runner.run(QueuedThreadPool.java:1034)
	at java.lang.Thread.run(Thread.java:750)
Uncaught exception
com.fasterxml.jackson.databind.exc.MismatchedInputException: No content to map due to end-of-input
 at [Source: (String)""; line: 1, column: 0]
	at com.fasterxml.jackson.databind.exc.MismatchedInputException.from(MismatchedInputException.java:59)
	at com.fasterxml.jackson.databind.ObjectMapper._initForReading(ObjectMapper.java:4765)
	at com.fasterxml.jackson.databind.ObjectMapper._readMapAndClose(ObjectMapper.java:4667)
	at com.fasterxml.jackson.databind.ObjectMapper.readValue(ObjectMapper.java:3629)
	at com.fasterxml.jackson.databind.ObjectMapper.readValue(ObjectMapper.java:3597)
	at io.javalin.plugin.json.JavalinJackson.fromJsonString(JavalinJackson.kt:37)
	at io.javalin.http.Context.bodyAsClass(Context.kt:113)
	at com.revature.controller.OfferController.lambda$new$6(OfferController.java:80)
	at io.javalin.core.security.SecurityUtil.noopAccessManager(SecurityUtil.kt:20)
	at io.javalin.http.JavalinServlet.addHandler$lambda-0(JavalinServlet.kt:96)
	at io.javalin.http.JavalinServlet$lifecycle$2$1$1.invoke(JavalinServlet.kt:43)
	at io.javalin.http.JavalinServlet$lifecycle$2$1$1.invoke(JavalinServlet.kt:43)
	at io.javalin.http.JavalinServletHandler.executeNextTask(JavalinServletHandler.kt:98)
	at io.javalin.http.JavalinServletHandler.queueNextTaskOrFinish$lambda-1(JavalinServletHandler.kt:85)
	at java.util.concurrent.CompletableFuture.uniComposeStage(CompletableFuture.java:995)
	at java.util.concurrent.CompletableFuture.thenCompose(CompletableFuture.java:2137)
	at io.javalin.http.JavalinServletHandler.queueNextTaskOrFinish$javalin(JavalinServletHandler.kt:85)
	at io.javalin.http.JavalinServletHandler.executeNextTask$lambda-10$lambda-9(JavalinServletHandler.kt:112)
	at java.util.concurrent.CompletableFuture.uniApply(CompletableFuture.java:616)
	at java.util.concurrent.CompletableFuture.uniApplyStage(CompletableFuture.java:628)
	at java.util.concurrent.CompletableFuture.thenApply(CompletableFuture.java:1996)
	at io.javalin.http.JavalinServletHandler.executeNextTask(JavalinServletHandler.kt:112)
	at io.javalin.http.JavalinServletHandler.queueNextTaskOrFinish$lambda-1(JavalinServletHandler.kt:85)
	at java.util.concurrent.CompletableFuture.uniComposeStage(CompletableFuture.java:995)
	at java.util.concurrent.CompletableFuture.thenCompose(CompletableFuture.java:2137)
	at io.javalin.http.JavalinServletHandler.queueNextTaskOrFinish$javalin(JavalinServletHandler.kt:85)
	at io.javalin.http.JavalinServlet.service(JavalinServlet.kt:89)
	at javax.servlet.http.HttpServlet.service(HttpServlet.java:790)
	at io.javalin.jetty.JavalinJettyServlet.service(JavalinJettyServlet.kt:58)
	at javax.servlet.http.HttpServlet.service(HttpServlet.java:790)
	at org.eclipse.jetty.servlet.ServletHolder.handle(ServletHolder.java:799)
	at org.eclipse.jetty.servlet.ServletHandler.doHandle(ServletHandler.java:550)
	at org.eclipse.jetty.server.handler.ScopedHandler.nextHandle(ScopedHandler.java:233)
	at org.eclipse.jetty.server.session.SessionHandler.doHandle(SessionHandler.java:1624)
	at org.eclipse.jetty.server.handler.ScopedHandler.nextHandle(ScopedHandler.java:233)
	at io.javalin.jetty.JettyServer$start$wsAndHttpHandler$1.doHandle(JettyServer.kt:52)
	at org.eclipse.jetty.server.handler.ScopedHandler.nextScope(ScopedHandler.java:188)
	at org.eclipse.jetty.servlet.ServletHandler.doScope(ServletHandler.java:501)
	at org.eclipse.jetty.server.session.SessionHandler.doScope(SessionHandler.java:1594)
	at org.eclipse.jetty.server.handler.ScopedHandler.nextScope(ScopedHandler.java:186)
	at org.eclipse.jetty.server.handler.ContextHandler.doScope(ContextHandler.java:1355)
	at org.eclipse.jetty.server.handler.ScopedHandler.handle(ScopedHandler.java:141)
	at org.eclipse.jetty.server.handler.StatisticsHandler.handle(StatisticsHandler.java:179)
	at org.eclipse.jetty.server.handler.HandlerWrapper.handle(HandlerWrapper.java:127)
	at org.eclipse.jetty.server.Server.handle(Server.java:516)
	at org.eclipse.jetty.server.HttpChannel.lambda$handle$1(HttpChannel.java:487)
	at org.eclipse.jetty.server.HttpChannel.dispatch(HttpChannel.java:732)
	at org.eclipse.jetty.server.HttpChannel.handle(HttpChannel.java:479)
	at org.eclipse.jetty.server.HttpConnection.onFillable(HttpConnection.java:277)
	at org.eclipse.jetty.io.AbstractConnection$ReadCallback.succeeded(AbstractConnection.java:311)
	at org.eclipse.jetty.io.FillInterest.fillable(FillInterest.java:105)
	at org.eclipse.jetty.io.ChannelEndPoint$1.run(ChannelEndPoint.java:104)
	at org.eclipse.jetty.util.thread.strategy.EatWhatYouKill.runTask(EatWhatYouKill.java:338)
	at org.eclipse.jetty.util.thread.strategy.EatWhatYouKill.doProduce(EatWhatYouKill.java:315)
	at org.eclipse.jetty.util.thread.strategy.EatWhatYouKill.tryProduce(EatWhatYouKill.java:173)
	at org.eclipse.jetty.util.thread.strategy.EatWhatYouKill.run(EatWhatYouKill.java:131)
	at org.eclipse.jetty.util.thread.ReservedThreadExecutor$ReservedThread.run(ReservedThreadExecutor.java:409)
	at org.eclipse.jetty.util.thread.QueuedThreadPool.runJob(QueuedThreadPool.java:883)
	at org.eclipse.jetty.util.thread.QueuedThreadPool$Runner.run(QueuedThreadPool.java:1034)
	at java.lang.Thread.run(Thread.java:750)
